<?xml version="1.0" encoding="UTF-8"?>
<testsuite xmlns:xsi="http://www.w3.org/2001/XMLSchema-instance" xsi:noNamespaceSchemaLocation="https://maven.apache.org/surefire/maven-surefire-plugin/xsd/surefire-test-report.xsd" name="CS3250.UserDataTest" time="0.004" tests="0" errors="0" skipped="0" failures="0">
  <properties>
    <property name="sun.desktop" value="windows"/>
    <property name="awt.toolkit" value="sun.awt.windows.WToolkit"/>
    <property name="java.specification.version" value="11"/>
    <property name="sun.cpu.isalist" value="amd64"/>
    <property name="sun.jnu.encoding" value="Cp1252"/>
    <property name="java.class.path" value="C:\Users\slumb\OneDrive\Desktop\ghhfgdfhdgd\MavenCS3250Team3\CS3250\target\test-classes;C:\Users\slumb\OneDrive\Desktop\ghhfgdfhdgd\MavenCS3250Team3\CS3250\target\classes;C:\Users\slumb\.m2\repository\com\jfoenix\jfoenix\9.0.1\jfoenix-9.0.1.jar;C:\Users\slumb\.m2\repository\org\junit\jupiter\junit-jupiter-api\5.6.2\junit-jupiter-api-5.6.2.jar;C:\Users\slumb\.m2\repository\org\apiguardian\apiguardian-api\1.1.0\apiguardian-api-1.1.0.jar;C:\Users\slumb\.m2\repository\org\opentest4j\opentest4j\1.2.0\opentest4j-1.2.0.jar;C:\Users\slumb\.m2\repository\org\junit\platform\junit-platform-commons\1.6.2\junit-platform-commons-1.6.2.jar;C:\Users\slumb\.m2\repository\mysql\mysql-connector-java\5.1.18\mysql-connector-java-5.1.18.jar;C:\Users\slumb\.m2\repository\org\openjfx\javafx-controls\11.0.2\javafx-controls-11.0.2.jar;C:\Users\slumb\.m2\repository\org\openjfx\javafx-controls\11.0.2\javafx-controls-11.0.2-win.jar;C:\Users\slumb\.m2\repository\org\openjfx\javafx-graphics\11.0.2\javafx-graphics-11.0.2.jar;C:\Users\slumb\.m2\repository\org\openjfx\javafx-graphics\11.0.2\javafx-graphics-11.0.2-win.jar;C:\Users\slumb\.m2\repository\org\openjfx\javafx-base\11.0.2\javafx-base-11.0.2.jar;C:\Users\slumb\.m2\repository\org\openjfx\javafx-base\11.0.2\javafx-base-11.0.2-win.jar;C:\Users\slumb\.m2\repository\org\openjfx\javafx-fxml\11.0.2\javafx-fxml-11.0.2.jar;C:\Users\slumb\.m2\repository\org\openjfx\javafx-fxml\11.0.2\javafx-fxml-11.0.2-win.jar;C:\Users\slumb\.m2\repository\org\apache\pdfbox\pdfbox\3.0.0-RC1\pdfbox-3.0.0-RC1.jar;C:\Users\slumb\.m2\repository\org\apache\pdfbox\fontbox\3.0.0-RC1\fontbox-3.0.0-RC1.jar;C:\Users\slumb\.m2\repository\commons-logging\commons-logging\1.2\commons-logging-1.2.jar;C:\Users\slumb\.m2\repository\com\itextpdf\barcodes\7.1.14\barcodes-7.1.14.jar;C:\Users\slumb\.m2\repository\com\itextpdf\font-asian\7.1.14\font-asian-7.1.14.jar;C:\Users\slumb\.m2\repository\com\itextpdf\forms\7.1.14\forms-7.1.14.jar;C:\Users\slumb\.m2\repository\com\itextpdf\hyph\7.1.14\hyph-7.1.14.jar;C:\Users\slumb\.m2\repository\com\itextpdf\io\7.1.14\io-7.1.14.jar;C:\Users\slumb\.m2\repository\com\itextpdf\kernel\7.1.14\kernel-7.1.14.jar;C:\Users\slumb\.m2\repository\org\bouncycastle\bcpkix-jdk15on\1.67\bcpkix-jdk15on-1.67.jar;C:\Users\slumb\.m2\repository\org\bouncycastle\bcprov-jdk15on\1.67\bcprov-jdk15on-1.67.jar;C:\Users\slumb\.m2\repository\com\itextpdf\layout\7.1.14\layout-7.1.14.jar;C:\Users\slumb\.m2\repository\com\itextpdf\pdfa\7.1.14\pdfa-7.1.14.jar;C:\Users\slumb\.m2\repository\com\itextpdf\sign\7.1.14\sign-7.1.14.jar;C:\Users\slumb\.m2\repository\com\itextpdf\styled-xml-parser\7.1.14\styled-xml-parser-7.1.14.jar;C:\Users\slumb\.m2\repository\com\itextpdf\svg\7.1.14\svg-7.1.14.jar;C:\Users\slumb\.m2\repository\org\slf4j\slf4j-api\1.7.5\slf4j-api-1.7.5.jar;C:\Users\slumb\.m2\repository\org\slf4j\slf4j-log4j12\1.7.5\slf4j-log4j12-1.7.5.jar;C:\Users\slumb\.m2\repository\log4j\log4j\1.2.17\log4j-1.2.17.jar;C:\Users\slumb\.m2\repository\com\google\guava\guava\30.1.1-jre\guava-30.1.1-jre.jar;C:\Users\slumb\.m2\repository\com\google\guava\failureaccess\1.0.1\failureaccess-1.0.1.jar;C:\Users\slumb\.m2\repository\com\google\guava\listenablefuture\9999.0-empty-to-avoid-conflict-with-guava\listenablefuture-9999.0-empty-to-avoid-conflict-with-guava.jar;C:\Users\slumb\.m2\repository\com\google\code\findbugs\jsr305\3.0.2\jsr305-3.0.2.jar;C:\Users\slumb\.m2\repository\org\checkerframework\checker-qual\3.8.0\checker-qual-3.8.0.jar;C:\Users\slumb\.m2\repository\com\google\errorprone\error_prone_annotations\2.5.1\error_prone_annotations-2.5.1.jar;C:\Users\slumb\.m2\repository\com\google\j2objc\j2objc-annotations\1.3\j2objc-annotations-1.3.jar;C:\Users\slumb\.m2\repository\org\graalvm\compiler\compiler\21.0.0.2\compiler-21.0.0.2.jar;C:\Users\slumb\.m2\repository\org\graalvm\sdk\graal-sdk\21.0.0.2\graal-sdk-21.0.0.2.jar;C:\Users\slumb\.m2\repository\org\graalvm\truffle\truffle-api\21.0.0.2\truffle-api-21.0.0.2.jar;C:\Users\slumb\.m2\repository\jfree\jfreechart\1.0.13\jfreechart-1.0.13.jar;C:\Users\slumb\.m2\repository\jfree\jcommon\1.0.16\jcommon-1.0.16.jar;"/>
    <property name="java.vm.vendor" value="AdoptOpenJDK"/>
    <property name="sun.arch.data.model" value="64"/>
    <property name="user.variant" value=""/>
    <property name="java.vendor.url" value="https://adoptopenjdk.net/"/>
    <property name="user.timezone" value=""/>
    <property name="java.vm.specification.version" value="11"/>
    <property name="os.name" value="Windows 10"/>
    <property name="sun.java.launcher" value="SUN_STANDARD"/>
    <property name="user.country" value="US"/>
    <property name="sun.boot.library.path" value="C:\Program Files\AdoptOpenJDK\jdk-11.0.10.9-hotspot\bin"/>
    <property name="sun.java.command" value="C:\Users\slumb\AppData\Local\Temp\surefire13898836357105243774\surefirebooter3512623665677764057.jar C:\Users\slumb\AppData\Local\Temp\surefire13898836357105243774 2021-04-20T12-01-14_073-jvmRun1 surefire13019480574787806732tmp surefire_09622182849869144449tmp"/>
    <property name="jdk.debug" value="release"/>
    <property name="surefire.test.class.path" value="C:\Users\slumb\OneDrive\Desktop\ghhfgdfhdgd\MavenCS3250Team3\CS3250\target\test-classes;C:\Users\slumb\OneDrive\Desktop\ghhfgdfhdgd\MavenCS3250Team3\CS3250\target\classes;C:\Users\slumb\.m2\repository\com\jfoenix\jfoenix\9.0.1\jfoenix-9.0.1.jar;C:\Users\slumb\.m2\repository\org\junit\jupiter\junit-jupiter-api\5.6.2\junit-jupiter-api-5.6.2.jar;C:\Users\slumb\.m2\repository\org\apiguardian\apiguardian-api\1.1.0\apiguardian-api-1.1.0.jar;C:\Users\slumb\.m2\repository\org\opentest4j\opentest4j\1.2.0\opentest4j-1.2.0.jar;C:\Users\slumb\.m2\repository\org\junit\platform\junit-platform-commons\1.6.2\junit-platform-commons-1.6.2.jar;C:\Users\slumb\.m2\repository\mysql\mysql-connector-java\5.1.18\mysql-connector-java-5.1.18.jar;C:\Users\slumb\.m2\repository\org\openjfx\javafx-controls\11.0.2\javafx-controls-11.0.2.jar;C:\Users\slumb\.m2\repository\org\openjfx\javafx-controls\11.0.2\javafx-controls-11.0.2-win.jar;C:\Users\slumb\.m2\repository\org\openjfx\javafx-graphics\11.0.2\javafx-graphics-11.0.2.jar;C:\Users\slumb\.m2\repository\org\openjfx\javafx-graphics\11.0.2\javafx-graphics-11.0.2-win.jar;C:\Users\slumb\.m2\repository\org\openjfx\javafx-base\11.0.2\javafx-base-11.0.2.jar;C:\Users\slumb\.m2\repository\org\openjfx\javafx-base\11.0.2\javafx-base-11.0.2-win.jar;C:\Users\slumb\.m2\repository\org\openjfx\javafx-fxml\11.0.2\javafx-fxml-11.0.2.jar;C:\Users\slumb\.m2\repository\org\openjfx\javafx-fxml\11.0.2\javafx-fxml-11.0.2-win.jar;C:\Users\slumb\.m2\repository\org\apache\pdfbox\pdfbox\3.0.0-RC1\pdfbox-3.0.0-RC1.jar;C:\Users\slumb\.m2\repository\org\apache\pdfbox\fontbox\3.0.0-RC1\fontbox-3.0.0-RC1.jar;C:\Users\slumb\.m2\repository\commons-logging\commons-logging\1.2\commons-logging-1.2.jar;C:\Users\slumb\.m2\repository\com\itextpdf\barcodes\7.1.14\barcodes-7.1.14.jar;C:\Users\slumb\.m2\repository\com\itextpdf\font-asian\7.1.14\font-asian-7.1.14.jar;C:\Users\slumb\.m2\repository\com\itextpdf\forms\7.1.14\forms-7.1.14.jar;C:\Users\slumb\.m2\repository\com\itextpdf\hyph\7.1.14\hyph-7.1.14.jar;C:\Users\slumb\.m2\repository\com\itextpdf\io\7.1.14\io-7.1.14.jar;C:\Users\slumb\.m2\repository\com\itextpdf\kernel\7.1.14\kernel-7.1.14.jar;C:\Users\slumb\.m2\repository\org\bouncycastle\bcpkix-jdk15on\1.67\bcpkix-jdk15on-1.67.jar;C:\Users\slumb\.m2\repository\org\bouncycastle\bcprov-jdk15on\1.67\bcprov-jdk15on-1.67.jar;C:\Users\slumb\.m2\repository\com\itextpdf\layout\7.1.14\layout-7.1.14.jar;C:\Users\slumb\.m2\repository\com\itextpdf\pdfa\7.1.14\pdfa-7.1.14.jar;C:\Users\slumb\.m2\repository\com\itextpdf\sign\7.1.14\sign-7.1.14.jar;C:\Users\slumb\.m2\repository\com\itextpdf\styled-xml-parser\7.1.14\styled-xml-parser-7.1.14.jar;C:\Users\slumb\.m2\repository\com\itextpdf\svg\7.1.14\svg-7.1.14.jar;C:\Users\slumb\.m2\repository\org\slf4j\slf4j-api\1.7.5\slf4j-api-1.7.5.jar;C:\Users\slumb\.m2\repository\org\slf4j\slf4j-log4j12\1.7.5\slf4j-log4j12-1.7.5.jar;C:\Users\slumb\.m2\repository\log4j\log4j\1.2.17\log4j-1.2.17.jar;C:\Users\slumb\.m2\repository\com\google\guava\guava\30.1.1-jre\guava-30.1.1-jre.jar;C:\Users\slumb\.m2\repository\com\google\guava\failureaccess\1.0.1\failureaccess-1.0.1.jar;C:\Users\slumb\.m2\repository\com\google\guava\listenablefuture\9999.0-empty-to-avoid-conflict-with-guava\listenablefuture-9999.0-empty-to-avoid-conflict-with-guava.jar;C:\Users\slumb\.m2\repository\com\google\code\findbugs\jsr305\3.0.2\jsr305-3.0.2.jar;C:\Users\slumb\.m2\repository\org\checkerframework\checker-qual\3.8.0\checker-qual-3.8.0.jar;C:\Users\slumb\.m2\repository\com\google\errorprone\error_prone_annotations\2.5.1\error_prone_annotations-2.5.1.jar;C:\Users\slumb\.m2\repository\com\google\j2objc\j2objc-annotations\1.3\j2objc-annotations-1.3.jar;C:\Users\slumb\.m2\repository\org\graalvm\compiler\compiler\21.0.0.2\compiler-21.0.0.2.jar;C:\Users\slumb\.m2\repository\org\graalvm\sdk\graal-sdk\21.0.0.2\graal-sdk-21.0.0.2.jar;C:\Users\slumb\.m2\repository\org\graalvm\truffle\truffle-api\21.0.0.2\truffle-api-21.0.0.2.jar;C:\Users\slumb\.m2\repository\jfree\jfreechart\1.0.13\jfreechart-1.0.13.jar;C:\Users\slumb\.m2\repository\jfree\jcommon\1.0.16\jcommon-1.0.16.jar;"/>
    <property name="sun.cpu.endian" value="little"/>
    <property name="user.home" value="C:\Users\slumb"/>
    <property name="user.language" value="en"/>
    <property name="java.specification.vendor" value="Oracle Corporation"/>
    <property name="java.version.date" value="2021-01-19"/>
    <property name="java.home" value="C:\Program Files\AdoptOpenJDK\jdk-11.0.10.9-hotspot"/>
    <property name="file.separator" value="\"/>
    <property name="basedir" value="C:\Users\slumb\OneDrive\Desktop\ghhfgdfhdgd\MavenCS3250Team3\CS3250"/>
    <property name="java.vm.compressedOopsMode" value="Zero based"/>
    <property name="line.separator" value="&#10;"/>
    <property name="java.specification.name" value="Java Platform API Specification"/>
    <property name="java.vm.specification.vendor" value="Oracle Corporation"/>
    <property name="java.awt.graphicsenv" value="sun.awt.Win32GraphicsEnvironment"/>
    <property name="surefire.real.class.path" value="C:\Users\slumb\AppData\Local\Temp\surefire13898836357105243774\surefirebooter3512623665677764057.jar"/>
    <property name="user.script" value=""/>
    <property name="sun.management.compiler" value="HotSpot 64-Bit Tiered Compilers"/>
    <property name="java.runtime.version" value="11.0.10+9"/>
    <property name="user.name" value="slumb"/>
    <property name="path.separator" value=";"/>
    <property name="os.version" value="10.0"/>
    <property name="java.runtime.name" value="OpenJDK Runtime Environment"/>
    <property name="file.encoding" value="Cp1252"/>
    <property name="java.vm.name" value="OpenJDK 64-Bit Server VM"/>
    <property name="java.vendor.version" value="AdoptOpenJDK"/>
    <property name="localRepository" value="C:\Users\slumb\.m2\repository"/>
    <property name="java.vendor.url.bug" value="https://github.com/AdoptOpenJDK/openjdk-support/issues"/>
    <property name="java.io.tmpdir" value="C:\Users\slumb\AppData\Local\Temp\"/>
    <property name="java.version" value="11.0.10"/>
    <property name="user.dir" value="C:\Users\slumb\OneDrive\Desktop\ghhfgdfhdgd\MavenCS3250Team3\CS3250"/>
    <property name="os.arch" value="amd64"/>
    <property name="java.vm.specification.name" value="Java Virtual Machine Specification"/>
    <property name="java.awt.printerjob" value="sun.awt.windows.WPrinterJob"/>
    <property name="sun.os.patch.level" value=""/>
    <property name="java.library.path" value="C:\Program Files\AdoptOpenJDK\jdk-11.0.10.9-hotspot\bin;C:\Windows\Sun\Java\bin;C:\Windows\system32;C:\Windows;C:\Python39\Scripts\;C:\Python39\;C:\Program Files\AdoptOpenJDK\jdk-11.0.10.9-hotspot\bin;C:\Windows\system32;C:\Windows;C:\Windows\System32\Wbem;C:\Windows\System32\WindowsPowerShell\v1.0\;C:\Windows\System32\OpenSSH\;C:\Users\slumb\OneDrive\Desktop\install\node\;C:\ProgramData\chocolatey\bin;C:\Users\slumb\OneDrive\Desktop\install\New folder\php;C:\Users\slumb\OneDrive\Desktop\install\ComposerSetup;C:\Users\slumb\OneDrive\Documents\apache-maven-3.6.3\bin;C:\Users\slumb\OneDrive\Desktop\install\git\cmd;C:\Program Files (x86)\NVIDIA Corporation\PhysX\Common;C:\Program Files\NVIDIA Corporation\NVIDIA NvDLISR;C:\Users\slumb\AppData\Local\Microsoft\WindowsApps;;C:\Users\slumb\OneDrive\Desktop\install\code\bin;C:\Users\slumb\AppData\Roaming\npm;C:\Users\slumb\AppData\Roaming\Composer\vendor\bin;."/>
    <property name="java.vm.info" value="mixed mode"/>
    <property name="java.vendor" value="AdoptOpenJDK"/>
    <property name="java.vm.version" value="11.0.10+9"/>
    <property name="sun.io.unicode.encoding" value="UnicodeLittle"/>
    <property name="java.class.version" value="55.0"/>
  </properties>
</testsuite>